<?xml version="1.0" encoding="UTF-8"?>
<testng-results skipped="0" failed="1" ignored="0" total="2" passed="1">
  <reporter-output>
  </reporter-output>
  <suite name="Docker Parallel Suite" duration-ms="27994" started-at="2018-09-06T02:53:43Z" finished-at="2018-09-06T02:54:11Z">
    <groups>
    </groups>
    <test name="Chrome Test" duration-ms="26758" started-at="2018-09-06T02:53:43Z" finished-at="2018-09-06T02:54:09Z">
      <class name="com.selenium.practise.DcokerMultiLevelDropdown">
        <test-method status="PASS" signature="setupDriver(java.lang.String)[pri:0, instance:com.selenium.practise.DcokerMultiLevelDropdown@31610302]" name="setupDriver" is-config="true" duration-ms="5158" started-at="2018-09-06T02:53:43Z" finished-at="2018-09-06T02:53:48Z">
          <params>
            <param index="0">
              <value>
                <![CDATA[chrome]]>
              </value>
            </param>
          </params>
          <reporter-output>
          </reporter-output>
        </test-method> <!-- setupDriver -->
        <test-method status="PASS" signature="multiLevelDropDown()[pri:0, instance:com.selenium.practise.DcokerMultiLevelDropdown@31610302]" name="multiLevelDropDown" duration-ms="21572" started-at="2018-09-06T02:53:48Z" finished-at="2018-09-06T02:54:09Z">
          <reporter-output>
          </reporter-output>
        </test-method> <!-- multiLevelDropDown -->
      </class> <!-- com.selenium.practise.DcokerMultiLevelDropdown -->
    </test> <!-- Chrome Test -->
    <test name="Firefox Test" duration-ms="27994" started-at="2018-09-06T02:53:43Z" finished-at="2018-09-06T02:54:11Z">
      <class name="com.selenium.practise.DcokerMultiLevelDropdown">
        <test-method status="PASS" signature="setupDriver(java.lang.String)[pri:0, instance:com.selenium.practise.DcokerMultiLevelDropdown@6ddf90b0]" name="setupDriver" is-config="true" duration-ms="10677" started-at="2018-09-06T02:53:43Z" finished-at="2018-09-06T02:53:53Z">
          <params>
            <param index="0">
              <value>
                <![CDATA[firefox]]>
              </value>
            </param>
          </params>
          <reporter-output>
          </reporter-output>
        </test-method> <!-- setupDriver -->
        <test-method status="FAIL" signature="multiLevelDropDown()[pri:0, instance:com.selenium.practise.DcokerMultiLevelDropdown@6ddf90b0]" name="multiLevelDropDown" duration-ms="17309" started-at="2018-09-06T02:53:53Z" finished-at="2018-09-06T02:54:11Z">
          <exception class="org.openqa.selenium.NoSuchElementException">
            <message>
              <![CDATA[Unable to locate element: Dropdown Submenu Link 5.4.1
For documentation on this error, please visit: http://seleniumhq.org/exceptions/no_such_element.html
Build info: version: '3.14.0', revision: 'aacccce0', time: '2018-08-02T20:19:58.91Z'
System info: host: 'Ritishas-MacBook-Pro.local', ip: 'fe80:0:0:0:c77:a39a:5486:37c%en0', os.name: 'Mac OS X', os.arch: 'x86_64', os.version: '10.13.6', java.version: '1.8.0_144'
Driver info: org.openqa.selenium.remote.RemoteWebDriver
Capabilities {acceptInsecureCerts: true, browserName: firefox, browserVersion: 61.0.2, javascriptEnabled: true, moz:accessibilityChecks: false, moz:headless: false, moz:processID: 90, moz:profile: /tmp/rust_mozprofile.1uy1Vx..., moz:useNonSpecCompliantPointerOrigin: false, moz:webdriverClick: true, pageLoadStrategy: normal, platform: LINUX, platformName: LINUX, platformVersion: 4.9.93-linuxkit-aufs, rotatable: false, timeouts: {implicit: 0, pageLoad: 300000, script: 30000}, webdriver.remote.sessionid: 5eb52187-857a-481d-be24-cbc...}
Session ID: 5eb52187-857a-481d-be24-cbcfec0d0725
*** Element info: {Using=link text, value=Dropdown Submenu Link 5.4.1}]]>
            </message>
            <full-stacktrace>
              <![CDATA[org.openqa.selenium.NoSuchElementException: Unable to locate element: Dropdown Submenu Link 5.4.1
For documentation on this error, please visit: http://seleniumhq.org/exceptions/no_such_element.html
Build info: version: '3.14.0', revision: 'aacccce0', time: '2018-08-02T20:19:58.91Z'
System info: host: 'Ritishas-MacBook-Pro.local', ip: 'fe80:0:0:0:c77:a39a:5486:37c%en0', os.name: 'Mac OS X', os.arch: 'x86_64', os.version: '10.13.6', java.version: '1.8.0_144'
Driver info: org.openqa.selenium.remote.RemoteWebDriver
Capabilities {acceptInsecureCerts: true, browserName: firefox, browserVersion: 61.0.2, javascriptEnabled: true, moz:accessibilityChecks: false, moz:headless: false, moz:processID: 90, moz:profile: /tmp/rust_mozprofile.1uy1Vx..., moz:useNonSpecCompliantPointerOrigin: false, moz:webdriverClick: true, pageLoadStrategy: normal, platform: LINUX, platformName: LINUX, platformVersion: 4.9.93-linuxkit-aufs, rotatable: false, timeouts: {implicit: 0, pageLoad: 300000, script: 30000}, webdriver.remote.sessionid: 5eb52187-857a-481d-be24-cbc...}
Session ID: 5eb52187-857a-481d-be24-cbcfec0d0725
*** Element info: {Using=link text, value=Dropdown Submenu Link 5.4.1}
at sun.reflect.NativeConstructorAccessorImpl.newInstance0(Native Method)
at sun.reflect.NativeConstructorAccessorImpl.newInstance(NativeConstructorAccessorImpl.java:62)
at sun.reflect.DelegatingConstructorAccessorImpl.newInstance(DelegatingConstructorAccessorImpl.java:45)
at java.lang.reflect.Constructor.newInstance(Constructor.java:423)
at org.openqa.selenium.remote.http.W3CHttpResponseCodec.createException(W3CHttpResponseCodec.java:187)
at org.openqa.selenium.remote.http.W3CHttpResponseCodec.decode(W3CHttpResponseCodec.java:122)
at org.openqa.selenium.remote.http.W3CHttpResponseCodec.decode(W3CHttpResponseCodec.java:49)
at org.openqa.selenium.remote.HttpCommandExecutor.execute(HttpCommandExecutor.java:158)
at org.openqa.selenium.remote.RemoteWebDriver.execute(RemoteWebDriver.java:548)
at org.openqa.selenium.remote.RemoteWebDriver.findElement(RemoteWebDriver.java:322)
at org.openqa.selenium.remote.RemoteWebDriver.findElementByLinkText(RemoteWebDriver.java:376)
at org.openqa.selenium.By$ByLinkText.findElement(By.java:220)
at org.openqa.selenium.remote.RemoteWebDriver.findElement(RemoteWebDriver.java:314)
at com.selenium.practise.DcokerMultiLevelDropdown.lambda$0(DcokerMultiLevelDropdown.java:90)
at com.selenium.practise.DcokerMultiLevelDropdown.multiLevelDropDown(DcokerMultiLevelDropdown.java:77)
at sun.reflect.NativeMethodAccessorImpl.invoke0(Native Method)
at sun.reflect.NativeMethodAccessorImpl.invoke(NativeMethodAccessorImpl.java:62)
at sun.reflect.DelegatingMethodAccessorImpl.invoke(DelegatingMethodAccessorImpl.java:43)
at java.lang.reflect.Method.invoke(Method.java:498)
at org.testng.internal.MethodInvocationHelper.invokeMethod(MethodInvocationHelper.java:124)
at org.testng.internal.Invoker.invokeMethod(Invoker.java:580)
at org.testng.internal.Invoker.invokeTestMethod(Invoker.java:716)
at org.testng.internal.Invoker.invokeTestMethods(Invoker.java:988)
at org.testng.internal.TestMethodWorker.invokeTestMethods(TestMethodWorker.java:125)
at org.testng.internal.TestMethodWorker.run(TestMethodWorker.java:109)
at org.testng.TestRunner.privateRun(TestRunner.java:648)
at org.testng.TestRunner.run(TestRunner.java:505)
at org.testng.SuiteRunner.runTest(SuiteRunner.java:455)
at org.testng.SuiteRunner.access$000(SuiteRunner.java:40)
at org.testng.SuiteRunner$SuiteWorker.run(SuiteRunner.java:489)
at org.testng.internal.thread.ThreadUtil$1.call(ThreadUtil.java:52)
at java.util.concurrent.FutureTask.run(FutureTask.java:266)
at java.util.concurrent.ThreadPoolExecutor.runWorker(ThreadPoolExecutor.java:1149)
at java.util.concurrent.ThreadPoolExecutor$Worker.run(ThreadPoolExecutor.java:624)
at java.lang.Thread.run(Thread.java:748)
]]>
            </full-stacktrace>
          </exception> <!-- org.openqa.selenium.NoSuchElementException -->
          <reporter-output>
          </reporter-output>
        </test-method> <!-- multiLevelDropDown -->
      </class> <!-- com.selenium.practise.DcokerMultiLevelDropdown -->
    </test> <!-- Firefox Test -->
  </suite> <!-- Docker Parallel Suite -->
</testng-results>
